<?xml version="1.0" encoding="UTF-8"?>
<!-- Generated by org.testng.reporters.JUnitReportReporter -->
<testsuite hostname="DESKTOP-SEH0FS9" failures="0" tests="3" name="com.selenium.testNg.TestNGGroupsExample" time="0.064" errors="0" timestamp="2023-12-18T21:42:32 IST" skipped="0">
  <testcase classname="com.selenium.testNg.TestNGGroupsExample" name="test1" time="0.044"/>
  <system-out/>
  <testcase classname="com.selenium.testNg.TestNGGroupsExample" name="test3" time="0.008"/>
  <system-out/>
  <testcase classname="com.selenium.testNg.TestNGGroupsExample" name="test2" time="0.012"/>
  <system-out/>
</testsuite> <!-- com.selenium.testNg.TestNGGroupsExample -->
