<?xml version="1.0" encoding="UTF-8"?>
<!-- Generated by org.testng.reporters.JUnitReportReporter -->
<testsuite hostname="DESKTOP-SEH0FS9" failures="0" tests="2" name="com.selenium.testNg.TestNGExample" time="0.125" errors="0" timestamp="2023-12-18T21:39:39 IST" skipped="0">
  <testcase classname="com.selenium.testNg.TestNGExample" name="test2" time="0.059"/>
  <system-out/>
  <testcase classname="com.selenium.testNg.TestNGExample" name="test1" time="0.066"/>
  <system-out/>
</testsuite> <!-- com.selenium.testNg.TestNGExample -->
