<?xml version="1.0" encoding="UTF-8"?>
<!-- Generated by org.testng.reporters.JUnitReportReporter -->
<testsuite hostname="DESKTOP-SEH0FS9" failures="0" tests="1" name="com.selenium.testNg.HardAssertionsExample" time="0.039" errors="0" timestamp="2023-12-18T21:47:07 IST" skipped="0">
  <testcase classname="com.selenium.testNg.HardAssertionsExample" name="testWithHardAssertions" time="0.039"/>
  <system-out/>
</testsuite> <!-- com.selenium.testNg.HardAssertionsExample -->
