<?xml version="1.0" encoding="UTF-8"?>
<!-- Generated by org.testng.reporters.JUnitReportReporter -->
<testsuite hostname="DESKTOP-SEH0FS9" failures="0" tests="1" name="com.selenium.testNg.ExtentReportsExample" time="0.048" errors="0" timestamp="2023-12-19T17:34:11 IST" skipped="0">
  <testcase classname="com.selenium.testNg.ExtentReportsExample" name="testExtentReport" time="0.048"/>
  <system-out/>
</testsuite> <!-- com.selenium.testNg.ExtentReportsExample -->
